03-Apr-2019 16:33:18.516 INFO [main] org.apache.catalina.startup.VersionLoggerListener.log Server version name:   Apache Tomcat/9.0.16
03-Apr-2019 16:33:18.516 INFO [main] org.apache.catalina.startup.VersionLoggerListener.log Server built:          Feb 4 2019 16:30:29 UTC
03-Apr-2019 16:33:18.516 INFO [main] org.apache.catalina.startup.VersionLoggerListener.log Server version number: 9.0.16.0
03-Apr-2019 16:33:18.516 INFO [main] org.apache.catalina.startup.VersionLoggerListener.log OS Name:               Windows 10
03-Apr-2019 16:33:18.516 INFO [main] org.apache.catalina.startup.VersionLoggerListener.log OS Version:            10.0
03-Apr-2019 16:33:18.516 INFO [main] org.apache.catalina.startup.VersionLoggerListener.log Architecture:          amd64
03-Apr-2019 16:33:18.516 INFO [main] org.apache.catalina.startup.VersionLoggerListener.log Java Home:             C:\Program Files\Java\jre1.8.0_191
03-Apr-2019 16:33:18.516 INFO [main] org.apache.catalina.startup.VersionLoggerListener.log JVM Version:           1.8.0_191-b12
03-Apr-2019 16:33:18.516 INFO [main] org.apache.catalina.startup.VersionLoggerListener.log JVM Vendor:            Oracle Corporation
03-Apr-2019 16:33:18.516 INFO [main] org.apache.catalina.startup.VersionLoggerListener.log CATALINA_BASE:         D:\apache-tomcat-9.0.16-windows-x64\apache-tomcat-9.0.16
03-Apr-2019 16:33:18.516 INFO [main] org.apache.catalina.startup.VersionLoggerListener.log CATALINA_HOME:         D:\apache-tomcat-9.0.16-windows-x64\apache-tomcat-9.0.16
03-Apr-2019 16:33:18.516 INFO [main] org.apache.catalina.startup.VersionLoggerListener.log Command line argument: -Djava.util.logging.config.file=D:\apache-tomcat-9.0.16-windows-x64\apache-tomcat-9.0.16\conf\logging.properties
03-Apr-2019 16:33:18.516 INFO [main] org.apache.catalina.startup.VersionLoggerListener.log Command line argument: -Djava.util.logging.manager=org.apache.juli.ClassLoaderLogManager
03-Apr-2019 16:33:18.516 INFO [main] org.apache.catalina.startup.VersionLoggerListener.log Command line argument: -Djdk.tls.ephemeralDHKeySize=2048
03-Apr-2019 16:33:18.516 INFO [main] org.apache.catalina.startup.VersionLoggerListener.log Command line argument: -Djava.protocol.handler.pkgs=org.apache.catalina.webresources
03-Apr-2019 16:33:18.516 INFO [main] org.apache.catalina.startup.VersionLoggerListener.log Command line argument: -Dignore.endorsed.dirs=
03-Apr-2019 16:33:18.516 INFO [main] org.apache.catalina.startup.VersionLoggerListener.log Command line argument: -Dcatalina.base=D:\apache-tomcat-9.0.16-windows-x64\apache-tomcat-9.0.16
03-Apr-2019 16:33:18.516 INFO [main] org.apache.catalina.startup.VersionLoggerListener.log Command line argument: -Dcatalina.home=D:\apache-tomcat-9.0.16-windows-x64\apache-tomcat-9.0.16
03-Apr-2019 16:33:18.516 INFO [main] org.apache.catalina.startup.VersionLoggerListener.log Command line argument: -Djava.io.tmpdir=D:\apache-tomcat-9.0.16-windows-x64\apache-tomcat-9.0.16\temp
03-Apr-2019 16:33:18.531 INFO [main] org.apache.catalina.core.AprLifecycleListener.lifecycleEvent Loaded APR based Apache Tomcat Native library [1.2.21] using APR version [1.6.5].
03-Apr-2019 16:33:18.531 INFO [main] org.apache.catalina.core.AprLifecycleListener.lifecycleEvent APR capabilities: IPv6 [true], sendfile [true], accept filters [false], random [true].
03-Apr-2019 16:33:18.531 INFO [main] org.apache.catalina.core.AprLifecycleListener.lifecycleEvent APR/OpenSSL configuration: useAprConnector [false], useOpenSSL [true]
03-Apr-2019 16:33:18.547 INFO [main] org.apache.catalina.core.AprLifecycleListener.initializeSSL OpenSSL successfully initialized [OpenSSL 1.1.1a  20 Nov 2018]
03-Apr-2019 16:33:18.828 INFO [main] org.apache.coyote.AbstractProtocol.init Initializing ProtocolHandler ["http-nio-8080"]
03-Apr-2019 16:33:19.000 INFO [main] org.apache.coyote.AbstractProtocol.init Initializing ProtocolHandler ["ajp-nio-8009"]
03-Apr-2019 16:33:19.000 INFO [main] org.apache.catalina.startup.Catalina.load Server initialization in [1,159] milliseconds
03-Apr-2019 16:33:19.078 INFO [main] org.apache.catalina.core.StandardService.startInternal Starting service [Catalina]
03-Apr-2019 16:33:19.094 INFO [main] org.apache.catalina.core.StandardEngine.startInternal Starting Servlet engine: [Apache Tomcat/9.0.16]
03-Apr-2019 16:33:34.125 INFO [main] org.apache.catalina.startup.HostConfig.deployWAR Deploying web application archive [D:\apache-tomcat-9.0.16-windows-x64\apache-tomcat-9.0.16\webapps\crmmoni.war]
03-Apr-2019 16:34:11.565 INFO [main] org.apache.jasper.servlet.TldScanner.scanJars At least one JAR was scanned for TLDs yet contained no TLDs. Enable debug logging for this logger for a complete list of JARs that were scanned but no TLDs were found in them. Skipping unneeded JARs during scanning can improve startup time and JSP compilation time.
03-Apr-2019 16:34:12.049 INFO [main] org.springframework.web.servlet.FrameworkServlet.initServletBean Initializing Servlet 'dispatcher'
03-Apr-2019 16:34:13.846 INFO [MLog-Init-Reporter] com.mchange.v2.log.MLog. MLog clients using java 1.4+ standard logging.
03-Apr-2019 16:34:14.034 INFO [main] com.mchange.v2.c3p0.C3P0Registry. Initializing c3p0-0.9.5.2 [built 08-December-2015 22:06:04 -0800; debug? true; trace: 10]
03-Apr-2019 16:34:14.784 INFO [main] org.hibernate.Version.logVersion HHH000412: Hibernate Core {5.2.17.Final}
03-Apr-2019 16:34:14.784 INFO [main] org.hibernate.cfg.Environment.<clinit> HHH000206: hibernate.properties not found
03-Apr-2019 16:34:14.971 INFO [main] org.hibernate.annotations.common.reflection.java.JavaReflectionManager.<clinit> HCANN000001: Hibernate Commons Annotations {5.0.1.Final}
03-Apr-2019 16:34:15.409 INFO [main] com.mchange.v2.c3p0.impl.AbstractPoolBackedDataSource. Initializing c3p0 pool... com.mchange.v2.c3p0.ComboPooledDataSource [ acquireIncrement -> 3, acquireRetryAttempts -> 30, acquireRetryDelay -> 1000, autoCommitOnClose -> false, automaticTestTable -> null, breakAfterAcquireFailure -> false, checkoutTimeout -> 0, connectionCustomizerClassName -> null, connectionTesterClassName -> com.mchange.v2.c3p0.impl.DefaultConnectionTester, contextClassLoaderSource -> caller, dataSourceName -> 1hgfer0a11riie038gtpd6|36cf16a6, debugUnreturnedConnectionStackTraces -> false, description -> null, driverClass -> com.mysql.jdbc.Driver, extensions -> {}, factoryClassLocation -> null, forceIgnoreUnresolvedTransactions -> false, forceSynchronousCheckins -> false, forceUseNamedDriverClass -> false, identityToken -> 1hgfer0a11riie038gtpd6|36cf16a6, idleConnectionTestPeriod -> 0, initialPoolSize -> 3, jdbcUrl -> jdbc:mysql://localhost:3307/crm?useSSL=false&serverTimezone=UTC, maxAdministrativeTaskTime -> 0, maxConnectionAge -> 0, maxIdleTime -> 30000, maxIdleTimeExcessConnections -> 0, maxPoolSize -> 20, maxStatements -> 0, maxStatementsPerConnection -> 0, minPoolSize -> 5, numHelperThreads -> 3, preferredTestQuery -> null, privilegeSpawnedThreads -> false, properties -> {user=******, password=******}, propertyCycle -> 0, statementCacheNumDeferredCloseThreads -> 0, testConnectionOnCheckin -> false, testConnectionOnCheckout -> false, unreturnedConnectionTimeout -> 0, userOverrides -> {}, usesTraditionalReflectiveProxies -> false ]
03-Apr-2019 16:34:15.456 WARNING [main] com.mchange.v2.resourcepool.BasicResourcePool. Bad pool size config, start 3 < min 5. Using 5 as start.
03-Apr-2019 16:34:15.815 INFO [main] org.hibernate.dialect.Dialect.<init> HHH000400: Using dialect: org.hibernate.dialect.MySQLDialect
03-Apr-2019 16:34:17.049 INFO [main] org.hibernate.validator.internal.util.Version.<clinit> HV000001: Hibernate Validator 5.4.1.Final
03-Apr-2019 16:34:19.378 INFO [main] org.springframework.web.servlet.FrameworkServlet.initServletBean Completed initialization in 7329 ms
03-Apr-2019 16:34:19.409 INFO [main] org.apache.catalina.startup.HostConfig.deployWAR Deployment of web application archive [D:\apache-tomcat-9.0.16-windows-x64\apache-tomcat-9.0.16\webapps\crmmoni.war] has finished in [45,284] ms
03-Apr-2019 16:34:19.409 INFO [main] org.apache.catalina.startup.HostConfig.deployDirectory Deploying web application directory [D:\apache-tomcat-9.0.16-windows-x64\apache-tomcat-9.0.16\webapps\docs]
03-Apr-2019 16:34:19.628 INFO [main] org.apache.catalina.startup.HostConfig.deployDirectory Deployment of web application directory [D:\apache-tomcat-9.0.16-windows-x64\apache-tomcat-9.0.16\webapps\docs] has finished in [219] ms
03-Apr-2019 16:34:19.628 INFO [main] org.apache.catalina.startup.HostConfig.deployDirectory Deploying web application directory [D:\apache-tomcat-9.0.16-windows-x64\apache-tomcat-9.0.16\webapps\examples]
03-Apr-2019 16:34:22.174 INFO [main] org.apache.catalina.startup.HostConfig.deployDirectory Deployment of web application directory [D:\apache-tomcat-9.0.16-windows-x64\apache-tomcat-9.0.16\webapps\examples] has finished in [2,546] ms
03-Apr-2019 16:34:22.174 INFO [main] org.apache.catalina.startup.HostConfig.deployDirectory Deploying web application directory [D:\apache-tomcat-9.0.16-windows-x64\apache-tomcat-9.0.16\webapps\host-manager]
03-Apr-2019 16:34:22.409 INFO [main] org.apache.catalina.startup.HostConfig.deployDirectory Deployment of web application directory [D:\apache-tomcat-9.0.16-windows-x64\apache-tomcat-9.0.16\webapps\host-manager] has finished in [235] ms
03-Apr-2019 16:34:22.409 INFO [main] org.apache.catalina.startup.HostConfig.deployDirectory Deploying web application directory [D:\apache-tomcat-9.0.16-windows-x64\apache-tomcat-9.0.16\webapps\manager]
03-Apr-2019 16:34:22.643 INFO [main] org.apache.catalina.startup.HostConfig.deployDirectory Deployment of web application directory [D:\apache-tomcat-9.0.16-windows-x64\apache-tomcat-9.0.16\webapps\manager] has finished in [234] ms
03-Apr-2019 16:34:22.643 INFO [main] org.apache.catalina.startup.HostConfig.deployDirectory Deploying web application directory [D:\apache-tomcat-9.0.16-windows-x64\apache-tomcat-9.0.16\webapps\ROOT]
03-Apr-2019 16:34:22.862 INFO [main] org.apache.catalina.startup.HostConfig.deployDirectory Deployment of web application directory [D:\apache-tomcat-9.0.16-windows-x64\apache-tomcat-9.0.16\webapps\ROOT] has finished in [219] ms
03-Apr-2019 16:34:22.878 INFO [main] org.apache.coyote.AbstractProtocol.start Starting ProtocolHandler ["http-nio-8080"]
03-Apr-2019 16:34:22.893 INFO [main] org.apache.coyote.AbstractProtocol.start Starting ProtocolHandler ["ajp-nio-8009"]
03-Apr-2019 16:34:22.909 INFO [main] org.apache.catalina.startup.Catalina.start Server startup in [63,891] milliseconds
03-Apr-2019 16:40:23.059 INFO [http-nio-8080-exec-5] org.hibernate.hql.internal.QueryTranslatorFactoryInitiator.initiateService HHH000397: Using ASTQueryTranslatorFactory
03-Apr-2019 16:46:47.733 INFO [main] org.apache.catalina.core.StandardServer.await A valid shutdown command was received via the shutdown port. Stopping the Server instance.
03-Apr-2019 16:46:47.733 INFO [main] org.apache.coyote.AbstractProtocol.pause Pausing ProtocolHandler ["http-nio-8080"]
03-Apr-2019 16:46:47.816 INFO [main] org.apache.coyote.AbstractProtocol.pause Pausing ProtocolHandler ["ajp-nio-8009"]
03-Apr-2019 16:46:47.887 INFO [main] org.apache.catalina.core.StandardService.stopInternal Stopping service [Catalina]
03-Apr-2019 16:46:47.918 WARNING [main] org.apache.catalina.loader.WebappClassLoaderBase.clearReferencesThreads The web application [crmmoni] appears to have started a thread named [Resource Destroyer in BasicResourcePool.close()] but has failed to stop it. This is very likely to create a memory leak. Stack trace of thread:
03-Apr-2019 16:46:47.918 INFO [main] org.apache.coyote.AbstractProtocol.stop Stopping ProtocolHandler ["http-nio-8080"]
03-Apr-2019 16:46:47.934 INFO [main] org.apache.coyote.AbstractProtocol.stop Stopping ProtocolHandler ["ajp-nio-8009"]
03-Apr-2019 16:46:47.934 INFO [main] org.apache.coyote.AbstractProtocol.destroy Destroying ProtocolHandler ["http-nio-8080"]
03-Apr-2019 16:46:47.934 INFO [main] org.apache.coyote.AbstractProtocol.destroy Destroying ProtocolHandler ["ajp-nio-8009"]
